<?xml version="1.0" encoding="utf-8"?><testsuites name="pytest tests"><testsuite name="pytest" errors="0" failures="0" skipped="0" tests="7" time="1.503" timestamp="2026-09-04T21:57:27.501874+00:00" hostname="agent-env-7e7036b5-86b5-48b5-a182-d5b0f3d1fc80"><testcase classname="backend.tests.backend_test" name="test_health" time="0.210" /><testcase classname="backend.tests.backend_test.TestPlayers" name="test_players_full_cycle" time="0.390" /><testcase classname="backend.tests.backend_test.TestPlayers" name="test_update_missing_player_404" time="0.083" /><testcase classname="backend.tests.backend_test.TestPlayers" name="test_delete_missing_player_404" time="0.062" /><testcase classname="backend.tests.backend_test.TestSessions" name="test_sessions_full_cycle" time="0.382" /><testcase classname="backend.tests.backend_test.TestSessions" name="test_get_missing_session_404" time="0.061" /><testcase classname="backend.tests.backend_test.TestSettings" name="test_settings_defaults_and_persist" time="0.250" /></testsuite></testsuites>